<?xml version="1.0" encoding="UTF-8"?>
<!-- Generated by org.testng.reporters.JUnitXMLReporter -->
<testsuite hostname="Pooja-PC" ignored="0" name="Test" tests="6" failures="0" timestamp="01 Jun 2020 15:22:27 GMT" time="0.15" errors="0">
  <testcase name="deleteTwiter" time="0.024" classname="qaclickacademy.RestAPITest"/>
  <testcase name="postJira" time="0.001" classname="qaclickacademy.RestAPITest"/>
  <testcase name="browserAutomation" time="0.001" classname="qaclickacademy.seleniumTest"/>
  <testcase name="elementsUi" time="0.001" classname="qaclickacademy.seleniumTest"/>
  <testcase name="IosApps" time="0.001" classname="qaclickacademy.appiumTest"/>
  <testcase name="nativeAppAndroid" time="0.0" classname="qaclickacademy.appiumTest"/>
</testsuite> <!-- Test -->
