<?xml version="1.0" encoding="UTF-8"?>
<testng-results skipped="0" failed="0" ignored="0" total="6" passed="6">
  <reporter-output>
  </reporter-output>
  <suite name="Suite" duration-ms="150" started-at="2020-06-01T15:22:27Z" finished-at="2020-06-01T15:22:27Z">
    <groups>
    </groups>
    <test name="Test" duration-ms="150" started-at="2020-06-01T15:22:27Z" finished-at="2020-06-01T15:22:27Z">
      <class name="qaclickacademy.appiumTest">
        <test-method status="PASS" signature="IosApps()[pri:0, instance:qaclickacademy.appiumTest@61d47554]" name="IosApps" duration-ms="1" started-at="2020-06-01T20:52:27Z" finished-at="2020-06-01T20:52:27Z">
          <reporter-output>
          </reporter-output>
        </test-method> <!-- IosApps -->
        <test-method status="PASS" signature="nativeAppAndroid()[pri:0, instance:qaclickacademy.appiumTest@61d47554]" name="nativeAppAndroid" duration-ms="0" started-at="2020-06-01T20:52:27Z" finished-at="2020-06-01T20:52:27Z">
          <reporter-output>
          </reporter-output>
        </test-method> <!-- nativeAppAndroid -->
      </class> <!-- qaclickacademy.appiumTest -->
      <class name="qaclickacademy.RestAPITest">
        <test-method status="PASS" signature="deleteTwiter()[pri:0, instance:qaclickacademy.RestAPITest@7ff2a664]" name="deleteTwiter" duration-ms="24" started-at="2020-06-01T20:52:27Z" finished-at="2020-06-01T20:52:27Z">
          <reporter-output>
          </reporter-output>
        </test-method> <!-- deleteTwiter -->
        <test-method status="PASS" signature="postJira()[pri:0, instance:qaclickacademy.RestAPITest@7ff2a664]" name="postJira" duration-ms="1" started-at="2020-06-01T20:52:27Z" finished-at="2020-06-01T20:52:27Z">
          <reporter-output>
          </reporter-output>
        </test-method> <!-- postJira -->
      </class> <!-- qaclickacademy.RestAPITest -->
      <class name="qaclickacademy.seleniumTest">
        <test-method status="PASS" signature="browserAutomation()[pri:0, instance:qaclickacademy.seleniumTest@b7f23d9]" name="browserAutomation" duration-ms="1" started-at="2020-06-01T20:52:27Z" finished-at="2020-06-01T20:52:27Z">
          <reporter-output>
          </reporter-output>
        </test-method> <!-- browserAutomation -->
        <test-method status="PASS" signature="elementsUi()[pri:0, instance:qaclickacademy.seleniumTest@b7f23d9]" name="elementsUi" duration-ms="1" started-at="2020-06-01T20:52:27Z" finished-at="2020-06-01T20:52:27Z">
          <reporter-output>
          </reporter-output>
        </test-method> <!-- elementsUi -->
      </class> <!-- qaclickacademy.seleniumTest -->
    </test> <!-- Test -->
  </suite> <!-- Suite -->
</testng-results>
